<?xml version="1.0" encoding="UTF-8"?>
<!-- Generated by org.testng.reporters.JUnitXMLReporter -->
<testsuite ignored="0" hostname="DESKTOP-LDTN898" failures="0" tests="10" name="Default test" time="0.434" errors="0" timestamp="2020-02-21T14:13:10 BDT">
  <testcase classname="com.java.testing.youtube.InvocationCountTest" name="sum" time="0.104"/>
  <testcase classname="com.java.testing.youtube.InvocationCountTest" name="sum" time="0.004"/>
  <testcase classname="com.java.testing.youtube.InvocationCountTest" name="sum" time="0.008"/>
  <testcase classname="com.java.testing.youtube.InvocationCountTest" name="sum" time="0.026"/>
  <testcase classname="com.java.testing.youtube.InvocationCountTest" name="sum" time="0.007"/>
  <testcase classname="com.java.testing.youtube.InvocationCountTest" name="sum" time="0.006"/>
  <testcase classname="com.java.testing.youtube.InvocationCountTest" name="sum" time="0.007"/>
  <testcase classname="com.java.testing.youtube.InvocationCountTest" name="sum" time="0.007"/>
  <testcase classname="com.java.testing.youtube.InvocationCountTest" name="sum" time="0.008"/>
  <testcase classname="com.java.testing.youtube.InvocationCountTest" name="sum" time="0.003"/>
</testsuite> <!-- Default test -->
