<?xml version="1.0" encoding="UTF-8"?>
<!-- Generated by org.testng.reporters.JUnitXMLReporter -->
<testsuite ignored="0" hostname="DESKTOP-LDTN898" failures="0" tests="4" name="Default test" time="0.195" errors="0" timestamp="2020-02-21T13:04:06 BDT">
  <testcase classname="com.java.testing.youtube.TestNgFeatures" name="loginTest" time="0.027"/>
  <testcase classname="com.java.testing.youtube.TestNgFeatures" name="HomePageTest" time="0.009"/>
  <testcase classname="com.java.testing.youtube.TestNgFeatures" name="RegPageTest" time="0.006"/>
  <testcase classname="com.java.testing.youtube.TestNgFeatures" name="SearchPageTest" time="0.008"/>
</testsuite> <!-- Default test -->
