<?xml version="1.0" encoding="UTF-8"?>
<!-- Generated by org.testng.reporters.JUnitXMLReporter -->
<testsuite ignored="0" hostname="DESKTOP-LDTN898" failures="0" tests="4" name="Test" time="0.18" errors="0" timestamp="2020-02-28T22:09:42 BDT">
  <testcase classname="com.java.testing.youtube.TestNgBasics" name="googleLogoTest" time="0.015"/>
  <testcase classname="com.java.testing.youtube.TestNgBasics" name="googleTitleTest" time="0.002"/>
  <testcase classname="com.java.testing.youtube.TestNgBasics" name="searchTest" time="0.006"/>
  <testcase classname="com.java.testing.youtube.understandtestng" name="testng" time="0.005"/>
</testsuite> <!-- Test -->
