<?xml version="1.0" encoding="UTF-8"?>
<testng-results ignored="0" total="2" passed="2" failed="0" skipped="0">
  <reporter-output>
  </reporter-output>
  <suite started-at="2020-03-06T16:47:56 BDT" name="Default suite" finished-at="2020-03-06T16:47:56 BDT" duration-ms="113">
    <groups>
    </groups>
    <test started-at="2020-03-06T16:47:56 BDT" name="Default test" finished-at="2020-03-06T16:47:56 BDT" duration-ms="113">
      <class name="testNG.Configuration_Annotations">
        <test-method is-config="true" signature="beforeSuite()[pri:0, instance:testNG.Configuration_Annotations@32910148]" started-at="2020-03-06T16:47:56 BDT" name="beforeSuite" finished-at="2020-03-06T16:47:56 BDT" duration-ms="16" status="PASS">
          <reporter-output>
          </reporter-output>
        </test-method> <!-- beforeSuite -->
        <test-method is-config="true" signature="beforeTest()[pri:0, instance:testNG.Configuration_Annotations@32910148]" started-at="2020-03-06T16:47:56 BDT" name="beforeTest" finished-at="2020-03-06T16:47:56 BDT" duration-ms="1" status="PASS">
          <reporter-output>
          </reporter-output>
        </test-method> <!-- beforeTest -->
        <test-method is-config="true" signature="beforeClass()[pri:0, instance:testNG.Configuration_Annotations@32910148]" started-at="2020-03-06T16:47:56 BDT" name="beforeClass" finished-at="2020-03-06T16:47:56 BDT" duration-ms="2" status="PASS">
          <reporter-output>
          </reporter-output>
        </test-method> <!-- beforeClass -->
        <test-method is-config="true" signature="beforeMethod()[pri:0, instance:testNG.Configuration_Annotations@32910148]" started-at="2020-03-06T16:47:56 BDT" name="beforeMethod" finished-at="2020-03-06T16:47:56 BDT" duration-ms="4" status="PASS">
          <reporter-output>
          </reporter-output>
        </test-method> <!-- beforeMethod -->
        <test-method signature="searchCustomer()[pri:0, instance:testNG.Configuration_Annotations@32910148]" started-at="2020-03-06T16:47:56 BDT" name="searchCustomer" finished-at="2020-03-06T16:47:56 BDT" duration-ms="13" status="PASS">
          <reporter-output>
          </reporter-output>
        </test-method> <!-- searchCustomer -->
        <test-method is-config="true" signature="afterMethod()[pri:0, instance:testNG.Configuration_Annotations@32910148]" started-at="2020-03-06T16:47:56 BDT" name="afterMethod" finished-at="2020-03-06T16:47:56 BDT" duration-ms="1" status="PASS">
          <reporter-output>
          </reporter-output>
        </test-method> <!-- afterMethod -->
        <test-method is-config="true" signature="beforeMethod()[pri:0, instance:testNG.Configuration_Annotations@32910148]" started-at="2020-03-06T16:47:56 BDT" name="beforeMethod" finished-at="2020-03-06T16:47:56 BDT" duration-ms="1" status="PASS">
          <reporter-output>
          </reporter-output>
        </test-method> <!-- beforeMethod -->
        <test-method signature="searchProduct()[pri:0, instance:testNG.Configuration_Annotations@32910148]" started-at="2020-03-06T16:47:56 BDT" name="searchProduct" finished-at="2020-03-06T16:47:56 BDT" duration-ms="6" status="PASS">
          <reporter-output>
          </reporter-output>
        </test-method> <!-- searchProduct -->
        <test-method is-config="true" signature="afterMethod()[pri:0, instance:testNG.Configuration_Annotations@32910148]" started-at="2020-03-06T16:47:56 BDT" name="afterMethod" finished-at="2020-03-06T16:47:56 BDT" duration-ms="1" status="PASS">
          <reporter-output>
          </reporter-output>
        </test-method> <!-- afterMethod -->
        <test-method is-config="true" signature="afterClass()[pri:0, instance:testNG.Configuration_Annotations@32910148]" started-at="2020-03-06T16:47:56 BDT" name="afterClass" finished-at="2020-03-06T16:47:56 BDT" duration-ms="1" status="PASS">
          <reporter-output>
          </reporter-output>
        </test-method> <!-- afterClass -->
        <test-method is-config="true" signature="afterTest()[pri:0, instance:testNG.Configuration_Annotations@32910148]" started-at="2020-03-06T16:47:56 BDT" name="afterTest" finished-at="2020-03-06T16:47:56 BDT" duration-ms="1" status="PASS">
          <reporter-output>
          </reporter-output>
        </test-method> <!-- afterTest -->
        <test-method is-config="true" signature="afterSuite()[pri:0, instance:testNG.Configuration_Annotations@32910148]" started-at="2020-03-06T16:47:56 BDT" name="afterSuite" finished-at="2020-03-06T16:47:56 BDT" duration-ms="1" status="PASS">
          <reporter-output>
          </reporter-output>
        </test-method> <!-- afterSuite -->
      </class> <!-- testNG.Configuration_Annotations -->
    </test> <!-- Default test -->
  </suite> <!-- Default suite -->
</testng-results>
