<?xml version="1.0" encoding="UTF-8"?>
<testng-results ignored="0" total="1" passed="1" failed="0" skipped="0">
  <reporter-output>
  </reporter-output>
  <suite started-at="2020-07-11T17:14:21 BDT" name="Default suite" finished-at="2020-07-11T17:14:23 BDT" duration-ms="1229">
    <groups>
    </groups>
    <test started-at="2020-07-11T17:14:21 BDT" name="Default test" finished-at="2020-07-11T17:14:23 BDT" duration-ms="1229">
      <class name="testNG.FbLoginTest">
        <test-method is-config="true" signature="initialize()[pri:0, instance:testNG.FbLoginTest@11fc564b]" started-at="2020-07-11T17:14:04 BDT" name="initialize" finished-at="2020-07-11T17:14:21 BDT" duration-ms="17808" status="PASS">
          <reporter-output>
          </reporter-output>
        </test-method> <!-- initialize -->
        <test-method signature="init()[pri:0, instance:testNG.FbLoginTest@11fc564b]" started-at="2020-07-11T17:14:22 BDT" name="init" finished-at="2020-07-11T17:14:23 BDT" duration-ms="1180" status="PASS">
          <reporter-output>
          </reporter-output>
        </test-method> <!-- init -->
        <test-method is-config="true" signature="tearDown()[pri:0, instance:testNG.FbLoginTest@11fc564b]" started-at="2020-07-11T17:14:23 BDT" name="tearDown" finished-at="2020-07-11T17:14:23 BDT" duration-ms="0" status="PASS">
          <reporter-output>
          </reporter-output>
        </test-method> <!-- tearDown -->
      </class> <!-- testNG.FbLoginTest -->
    </test> <!-- Default test -->
  </suite> <!-- Default suite -->
</testng-results>
